2025-11-01 12:54:42 +05:30: [dotenv@17.2.3] injecting env (0) from .env -- tip: 🔄 add secrets lifecycle management: https://dotenvx.com/ops
2025-11-01 12:54:42 +05:30: =====================================
2025-11-01 12:54:42 +05:30: Daily ROI Distribution Started: 2025-11-01T07:24:42.588Z
2025-11-01 12:54:42 +05:30: =====================================
2025-11-01 12:54:43 +05:30: Found 96 active packages
2025-11-01 12:54:44 +05:30:   ✓ Package 629c5f3a-02e1-430a-9b66-8778445e1f32 (User 2e895572-ff0d-4609-8df6-ec9d681741e7): $410.00 - Day 133/365
2025-11-01 12:54:44 +05:30:   ✓ Package 1595bbb1-1a5b-4288-ac04-8b43fe8f1cb0 (User 4086dcd6-2ad8-4600-aa9b-3bf6f8f6c778): $5305.00 - Day 26/365
2025-11-01 12:54:45 +05:30:   ✓ Package be98e3c5-7919-41a8-a3b0-5e72d458f50d (User 9da32ae1-b229-4df3-978d-2badf440dc27): $665.00 - Day 8/365
2025-11-01 12:54:46 +05:30:   ✓ Package 9709a1f9-7cd2-4cc3-824d-9349c97e9443 (User f135420d-3b4d-4702-b32f-26d16381809f): $785.00 - Day 44/365
2025-11-01 12:54:47 +05:30:   ✓ Package 0ec6210b-b703-45ce-abae-7b1d5a08b7ed (User fff8f3f0-4c1a-4c66-b5d8-209a9352000e): $1195.00 - Day 155/365
2025-11-01 12:54:47 +05:30:   ✓ Package 0d4350db-05e8-4fdb-b29b-4a5f55917dbd (User d2d65593-72ae-40e0-8876-d590b1cb3fb0): $650.00 - Day 122/365
2025-11-01 12:54:48 +05:30:   ✓ Package 6007a092-49e7-4b5b-9112-cdd8b68eaf52 (User a88f3267-f340-4e22-bec3-9d972bdaf331): $5700.00 - Day 1/365
2025-11-01 12:54:49 +05:30:   ✓ Package cd066c2f-271c-4256-b921-2e4952b99723 (User a88f3267-f340-4e22-bec3-9d972bdaf331): $400.00 - Day 121/365
2025-11-01 12:54:49 +05:30:   ✓ Package 67bad423-d25a-4981-aa3c-69eaa6615e66 (User a88f3267-f340-4e22-bec3-9d972bdaf331): $920.00 - Day 100/365
2025-11-01 12:54:50 +05:30:   ✓ Package 6b0dbcc4-df93-4210-a02d-bf79ffc8f8a2 (User 69fa3eb1-7e95-4081-983c-f23f26ee3019): $425.00 - Day 28/365
2025-11-01 12:54:51 +05:30:   ✓ Package 768d99c9-d430-45e9-b4b6-43efee8b20d1 (User 4a1e97cd-9fd9-4b44-a1f9-0d2cefa37a2f): $5210.00 - Day 24/365
2025-11-01 12:54:51 +05:30:   ✓ Package 2c4e9ebe-ac68-4e4a-af49-5e403ef1b953 (User 4a1e97cd-9fd9-4b44-a1f9-0d2cefa37a2f): $5935.00 - Day 165/365
2025-11-01 12:54:52 +05:30:   ✓ Package 6de98dad-e652-4b99-ac1d-dab92e94c551 (User 70ad67a6-9181-4c49-8e15-1d61f469437a): $715.00 - Day 2/365
2025-11-01 12:54:52 +05:30:   ✓ Package 94acaa10-b49c-43da-931e-d575cc55c2a0 (User f8a72fc1-dced-4696-9b6d-400cac10ad16): $460.00 - Day 55/365
2025-11-01 12:54:53 +05:30:   ✓ Package 749617b9-003f-4514-bf5f-1664a3b499a6 (User 81f61649-6958-4507-9bab-6e72099d9945): $5550.00 - Day 71/365
2025-11-01 12:54:54 +05:30:   ✓ Package b11763e3-1858-48f0-a55f-c3956d6f9cd9 (User 9023de7e-c15c-4032-afb1-3fc0b552913b): $500.00 - Day 116/365
2025-11-01 12:54:55 +05:30:   ✓ Package aa254325-8b0b-4522-8ee3-33f30abfb76f (User 4b1490e5-188e-4cd3-a1c5-694129409da8): $5590.00 - Day 102/365
2025-11-01 12:54:55 +05:30:   ✓ Package 5e06786a-fa7d-42c9-a8e8-ca14f83e1066 (User c42cf9fe-02a2-4c5b-a31e-50758328e257): $460.00 - Day 32/365
2025-11-01 12:54:56 +05:30:   ✓ Package 487d27f3-ed75-44da-ac8b-dc3136ac95bd (User c42cf9fe-02a2-4c5b-a31e-50758328e257): $875.00 - Day 141/365
2025-11-01 12:54:56 +05:30:   ✓ Package 9c262cf6-ce5e-463c-82ab-75dde31027b0 (User 9d3a1af3-09a5-4197-9b9d-74d221cc2ed4): $5645.00 - Day 127/365
2025-11-01 12:54:57 +05:30:   ✓ Package 75e14aa8-3eee-4584-8809-bacef74b0b15 (User f8bd1981-a2de-421d-aa74-7d67d15ed88f): $760.00 - Day 73/365
2025-11-01 12:54:58 +05:30:   ✓ Package a8b031f1-711e-432a-874b-1fbf555b67ff (User f8bd1981-a2de-421d-aa74-7d67d15ed88f): $520.00 - Day 151/365
2025-11-01 12:54:58 +05:30:   ✓ Package faebf92e-b054-4449-b8d3-385297546225 (User 1a5a193a-b62e-4f82-846e-1365ff415352): $660.00 - Day 158/365
2025-11-01 12:54:59 +05:30:   ✓ Package c941f4df-55b7-4090-a985-2aa76b710ab0 (User b3e8d2a6-630e-4a22-b031-e2cfd467c074): $980.00 - Day 136/365
2025-11-01 12:55:00 +05:30:   ✓ Package 78095d4d-5ae9-4b67-8487-f8857442f2a9 (User dcb4a23d-c279-440f-88ea-74988809a59b): $5275.00 - Day 131/365
2025-11-01 12:55:00 +05:30:   ✓ Package 8e3a9514-80a1-4261-b402-7f63c2581c7c (User 72709969-0534-432c-9daf-021221566466): $715.00 - Day 97/365
2025-11-01 12:55:01 +05:30:   ✓ Package 1742801c-bc39-4198-99e6-1c0b94814274 (User 575a2f13-69a7-4533-be44-bc106d9851d2): $5895.00 - Day 169/365
2025-11-01 12:55:02 +05:30:   ✓ Package 9ad5e651-c388-4ef0-90fd-dffd70247823 (User ec11e829-fd78-47c6-b31f-e2d9fd7cbfcd): $625.00 - Day 119/365
2025-11-01 12:55:02 +05:30:   ✓ Package 42327fcc-3197-4c6b-8c6a-56ad58684aa7 (User afa90499-cdf4-4a3f-8715-efdf7aaac700): $380.00 - Day 122/365
2025-11-01 12:55:03 +05:30:   ✓ Package eb5bd2f4-ac90-4474-bc54-18c2bed915b7 (User afa90499-cdf4-4a3f-8715-efdf7aaac700): $1150.00 - Day 23/365
2025-11-01 12:55:03 +05:30:   ✓ Package 42dde385-ab54-45e7-bd90-966a7d981e9d (User fcdaa1da-46fe-445b-b14f-9bb38aae5821): $1115.00 - Day 16/365
2025-11-01 12:55:04 +05:30:   ✓ Package 9342a850-d8cc-40f9-8014-ffb9b5c3c6d9 (User 7748b694-fa4b-4470-909c-ceba803f31a9): $675.00 - Day 140/365
2025-11-01 12:55:05 +05:30:   ✓ Package 71f0097d-4c3b-4782-8894-8b438e881d49 (User e2e5be9d-4592-4365-80f0-6b847f729360): $5850.00 - Day 6/365
2025-11-01 12:55:05 +05:30:   ✓ Package fefcdbfa-7018-45d8-846f-99fc9d0f8420 (User 7a771340-fd7a-4adc-b412-f75415d33bfb): $425.00 - Day 114/365
2025-11-01 12:55:06 +05:30:   ✓ Package 1abaeed7-4770-4aa7-8487-cc5a0791f278 (User e605a7e0-48dd-43e9-a91a-155c0e23c284): $645.00 - Day 166/365
2025-11-01 12:55:07 +05:30:   ✓ Package 0c4cd246-f9f6-4b28-adb5-9beeef7e96fa (User e605a7e0-48dd-43e9-a91a-155c0e23c284): $590.00 - Day 118/365
2025-11-01 12:55:07 +05:30:   ✓ Package 38b15c23-6402-4ec0-a8db-fb14e10afc9f (User c32ba7c3-f016-4b18-bced-86cdb1c697c2): $555.00 - Day 59/365
2025-11-01 12:55:08 +05:30:   ✓ Package 477f0c2a-1ea6-49b4-88dd-1a3fe66c7775 (User 05d2132a-4f90-4020-8b36-98c25678a629): $880.00 - Day 12/365
2025-11-01 12:55:09 +05:30:   ✓ Package 460ee8db-bc21-4d64-b3a6-741d59bebbfb (User c906d316-cc9c-4175-8e6c-f28c430c56f2): $85.73 - Day 107/365
2025-11-01 12:55:10 +05:30:   ✓ Package c383d665-cba4-4b34-8570-467bd2d509e0 (User c906d316-cc9c-4175-8e6c-f28c430c56f2): $107.75 - Day 131/365
2025-11-01 12:55:10 +05:30:   ✓ Package 0e19c260-7e71-492d-b90a-c0e1f7f4ea0b (User a0fb1221-b83e-4997-9063-ef48e3e507e0): $71.54 - Day 165/365
2025-11-01 12:55:11 +05:30:   ✓ Package 93fe780d-b253-4e72-b88c-2d4564ea35a2 (User 70ad67a6-9181-4c49-8e15-1d61f469437a): $23.57 - Day 128/365
2025-11-01 12:55:12 +05:30:   ✓ Package 5b93456e-c86e-4b8e-a691-4ce857f71a93 (User 0e0a7128-ef30-4c86-bcf6-73fa52579f87): $259.73 - Day 125/365
2025-11-01 12:55:12 +05:30:   ✓ Package 9c8cae1e-f519-4306-be04-664d76ea9ae5 (User fcdaa1da-46fe-445b-b14f-9bb38aae5821): $76.46 - Day 78/365
2025-11-01 12:55:13 +05:30:   ✓ Package d8900820-a748-40d0-ac56-3e6bc2aefd04 (User 1a78f252-4059-4e10-afcf-238254359eb8): $5780.00 - Day 110/365
2025-11-01 12:55:14 +05:30:   ✓ Package 5aac2b5f-3477-48f3-9a99-55aea29127a0 (User 05d2132a-4f90-4020-8b36-98c25678a629): $46.54 - Day 124/365
2025-11-01 12:55:14 +05:30:   ✓ Package f554b76e-cff2-4714-b966-67117870582d (User 6ae40a4d-09a7-412a-8091-d7ca044f70cd): $50.08 - Day 121/365
2025-11-01 12:55:15 +05:30:   ✓ Package 18e81da2-aa3f-42ee-ae22-4980fbef5f3f (User f8bd1981-a2de-421d-aa74-7d67d15ed88f): $7.28 - Day 116/365
2025-11-01 12:55:16 +05:30:   ✓ Package 17144bb7-2e02-43ff-b224-790a3462dd2a (User dcb4a23d-c279-440f-88ea-74988809a59b): $117.18 - Day 44/365
2025-11-01 12:55:16 +05:30:   ✓ Package b9a67fff-aaba-4b03-be6c-cd4df8ac7fd6 (User 72709969-0534-432c-9daf-021221566466): $7.21 - Day 16/365
2025-11-01 12:55:17 +05:30:   ✓ Package 034c26d1-23d7-47db-b879-428451b399ba (User c3383ed8-f6a1-46b5-a450-81582af7d956): $71.23 - Day 74/365
2025-11-01 12:55:17 +05:30:   ✓ Package f9d67cdf-c493-4751-ab00-4c3a44173515 (User dc808c75-3c62-44c6-89cd-2ef30251012c): $67.71 - Day 156/365
2025-11-01 12:55:18 +05:30:   ✓ Package 9c4b1621-b566-458c-887b-7ff976ad3415 (User 922a5ce5-6c8d-4776-8461-a0f14a745a7d): $76.10 - Day 157/365
2025-11-01 12:55:19 +05:30:   ✓ Package 80e0245a-b5b0-4753-84ee-f675469f6822 (User 922a5ce5-6c8d-4776-8461-a0f14a745a7d): $83.97 - Day 137/365
2025-11-01 12:55:20 +05:30:   ✓ Package 2b3595e0-879b-477b-bb3a-5bf0e04994ec (User 8b38dc31-5f51-4174-a97b-abe758cc2391): $11.58 - Day 54/365
2025-11-01 12:55:21 +05:30:   ✓ Package aeb40cb5-1f33-404f-9315-9e416bc52379 (User 50a119d0-c715-4aa0-bd39-b39b7b87aaac): $24.89 - Day 178/365
2025-11-01 12:55:21 +05:30:   ✓ Package 83fe71e7-6d53-4a2c-9532-40589d0a6c12 (User 7a771340-fd7a-4adc-b412-f75415d33bfb): $281.21 - Day 166/365
2025-11-01 12:55:22 +05:30:   ✓ Package 82caf092-19b9-40b6-ad6f-ccc9038c11a3 (User 6cbe3a81-16e6-4fcb-84b9-ff53816b87f4): $161.10 - Day 170/365
2025-11-01 12:55:22 +05:30:   ✓ Package 50273fc6-be43-4a52-8516-703a54ceb0a8 (User 0e0a7128-ef30-4c86-bcf6-73fa52579f87): $318.82 - Day 43/365
2025-11-01 12:55:23 +05:30:   ✓ Package 83a52c3b-234f-4f4d-9219-a22f32d82faa (User 9da32ae1-b229-4df3-978d-2badf440dc27): $187.88 - Day 60/365
2025-11-01 12:55:24 +05:30:   ✓ Package 5cfbeb5e-85e6-48ae-b876-ef4130200023 (User 6ae40a4d-09a7-412a-8091-d7ca044f70cd): $220.95 - Day 129/365
2025-11-01 12:55:24 +05:30:   ✓ Package 9962953b-af75-4cb7-8290-ba4c45c7beb3 (User c9433158-1a82-47e9-b0aa-84aed3bd1caa): $11.73 - Day 135/365
2025-11-01 12:55:25 +05:30:   ✓ Package 12b7d1d3-d1aa-4680-8dbf-57009505ea03 (User 81f61649-6958-4507-9bab-6e72099d9945): $213.86 - Day 50/365
2025-11-01 12:55:26 +05:30:   ✓ Package 6454908e-138d-4a57-8d1b-c0ef250fe2a8 (User 9023de7e-c15c-4032-afb1-3fc0b552913b): $441.55 - Day 131/365
2025-11-01 12:55:26 +05:30:   ✓ Package 01deaa49-e81d-4de4-98f9-a8f4a273d51e (User 9023de7e-c15c-4032-afb1-3fc0b552913b): $287.44 - Day 28/365
2025-11-01 12:55:27 +05:30:   ✓ Package e1596ed4-46f5-4e2f-9e37-100ff0c65e72 (User a3ea34e1-5dd9-492b-920d-db79c772877e): $337.24 - Day 34/365
2025-11-01 12:55:28 +05:30:   ✓ Package 6fb3a25d-40cd-4bbf-bd30-a4797fcec0d9 (User 612785e5-6932-418a-becc-e673c30b5ea4): $313.94 - Day 180/365
2025-11-01 12:55:28 +05:30:   ✓ Package 8fdd04b8-9976-44aa-b0d5-5693c71d6cab (User e83160b5-8d5f-4fbb-9ab7-14bdbfc83c7f): $283.32 - Day 174/365
2025-11-01 12:55:29 +05:30:   ✓ Package 6cf6e961-c05f-4c5c-98a2-4ec45dacde8b (User b9324ff5-7223-425c-a9a2-7f155bd810ce): $285.26 - Day 111/365
2025-11-01 12:55:30 +05:30:   ✓ Package 1a365844-a1a5-4efb-8ecd-88db59af4b9f (User c7dae714-cf8a-410f-9fe8-79639f732d84): $32.95 - Day 24/365
2025-11-01 12:55:30 +05:30:   ✓ Package 2d734a7a-9f98-46a9-ad6b-b988d4fc874a (User 81b744b8-ea95-496f-985e-df8701af7c2b): $20.72 - Day 36/365
2025-11-01 12:55:31 +05:30:   ✓ Package ab8c2a6a-5422-4a04-b03a-142a1cffdfd3 (User a0fb1221-b83e-4997-9063-ef48e3e507e0): $60.45 - Day 108/365
2025-11-01 12:55:31 +05:30:   ✓ Package 089da81a-5301-4055-8520-20b444670616 (User afa90499-cdf4-4a3f-8715-efdf7aaac700): $54.36 - Day 155/365
2025-11-01 12:55:32 +05:30:   ✓ Package 834d0db6-d8c1-4729-aa98-ece3c3b40f67 (User 7748b694-fa4b-4470-909c-ceba803f31a9): $67.63 - Day 147/365
2025-11-01 12:55:33 +05:30:   ✓ Package d7d3706e-f9b6-4da6-8c3d-243dd38ea0b7 (User 7748b694-fa4b-4470-909c-ceba803f31a9): $254.28 - Day 156/365
2025-11-01 12:55:33 +05:30:   ✓ Package acf13ea1-b2c3-4ba2-b19b-a87c7a643b93 (User 59a3b2a3-0f26-4ac9-9d36-be133d0c2bb8): $400.00 - Day 11/365
2025-11-01 12:55:34 +05:30:   ✓ Package 830c154a-2d5f-459f-b205-2a26bd766c8b (User 120a0c02-2799-4679-aecc-bac9cafe427a): $71.00 - Day 39/365
2025-11-01 12:55:35 +05:30:   ✓ Package cfcd3c51-1ce0-4e8c-8793-8b28a7f3bd92 (User e489bd9f-42e6-4bbf-8251-c224cf12c3fc): $380.88 - Day 90/365
2025-11-01 12:55:35 +05:30:   ✓ Package 42fb0e24-d8d7-4688-95cb-af04ba2c3dad (User a21ac1fe-827f-4069-b9b0-96e276a955c6): $139.27 - Day 119/365
2025-11-01 12:55:36 +05:30:   ✓ Package 4fb3ee9f-8ddc-47e2-8167-01b2125f931d (User a21ac1fe-827f-4069-b9b0-96e276a955c6): $88.58 - Day 51/365
2025-11-01 12:55:36 +05:30:   ✓ Package 96a94d79-feda-44a3-b38a-3b2fee625bae (User 4086dcd6-2ad8-4600-aa9b-3bf6f8f6c778): $221.03 - Day 99/365
2025-11-01 12:55:37 +05:30:   ✓ Package d311d660-10ed-4304-9873-d9e847e78d56 (User 9da32ae1-b229-4df3-978d-2badf440dc27): $74.96 - Day 5/365
2025-11-01 12:55:38 +05:30:   ✓ Package c870de0a-64a9-4695-8345-798105158227 (User f135420d-3b4d-4702-b32f-26d16381809f): $57.18 - Day 106/365
2025-11-01 12:55:38 +05:30:   ✓ Package 8141330d-8f98-46e3-8679-613805d2cfd5 (User 29efeb4e-57bd-4212-818f-3506a2da44bd): $178.90 - Day 80/365
2025-11-01 12:55:39 +05:30:   ✓ Package 2d9cc7d8-1e66-4ba3-9c0f-f427d6ee783c (User c18b2cdd-19e8-4f77-a3f6-bf9580af7257): $672.00 - Day 132/365
2025-11-01 12:55:40 +05:30:   ✓ Package 7043bbe1-1ce4-46a1-bbb8-5d12083ea437 (User 81f61649-6958-4507-9bab-6e72099d9945): $738.62 - Day 55/365
2025-11-01 12:55:40 +05:30:   ✓ Package b737b88c-1033-46d3-975f-b1648e7b44ce (User a3ea34e1-5dd9-492b-920d-db79c772877e): $182.83 - Day 69/365
2025-11-01 12:55:41 +05:30:   ✓ Package 2b8278f9-7c5a-4ee9-8092-0804a513fbc4 (User c42cf9fe-02a2-4c5b-a31e-50758328e257): $218.11 - Day 27/365
2025-11-01 12:55:42 +05:30:   ✓ Package 2a22a309-25d6-4e3e-ba9c-95948353e464 (User 1a5a193a-b62e-4f82-846e-1365ff415352): $72.01 - Day 61/365
2025-11-01 12:55:42 +05:30:   ✓ Package 34860ef3-96d4-478a-b9e2-e112d44d6e76 (User b3e8d2a6-630e-4a22-b031-e2cfd467c074): $167.82 - Day 53/365
2025-11-01 12:55:43 +05:30:   ✓ Package da944d8e-3b7d-40b3-b622-0db967c12c08 (User e83160b5-8d5f-4fbb-9ab7-14bdbfc83c7f): $91.79 - Day 36/365
2025-11-01 12:55:44 +05:30:   ✓ Package c239578b-7b16-4696-a016-751cb0a22cf1 (User 2eecb799-9146-4ec7-b91c-3ec6d62d6b0b): $56.32 - Day 156/365
2025-11-01 12:55:44 +05:30:   ✓ Package 81eea1a1-6b5c-445c-b966-152d0db263ce (User c7dae714-cf8a-410f-9fe8-79639f732d84): $76.76 - Day 68/365
2025-11-01 12:55:45 +05:30:   ✓ Package 5ebab0ed-68c1-499b-8538-b495d93bba0f (User 65748273-228e-454b-94c7-fea290646136): $469.09 - Day 10/365
2025-11-01 12:55:46 +05:30:   ✓ Package a2e2764a-982b-4c47-b157-c6cff4922342 (User 6adc8901-cb51-43c3-921d-5a84a4eb528b): $206.54 - Day 146/365
2025-11-01 12:55:46 +05:30:   ✓ Package 7b2fe57f-ba42-42d6-8b0c-312274712c63 (User 6adc8901-cb51-43c3-921d-5a84a4eb528b): $5815.00 - Day 152/365
2025-11-01 12:55:46 +05:30: 
2025-11-01 12:55:46 +05:30: =====================================
2025-11-01 12:55:46 +05:30: Distribution Summary:
2025-11-01 12:55:46 +05:30:   Processed: 96 packages
2025-11-01 12:55:46 +05:30:   Matured: 0 packages
2025-11-01 12:55:46 +05:30:   Errors: 0 packages
2025-11-01 12:55:46 +05:30:   Total Distributed: $96271.91
2025-11-01 12:55:46 +05:30: =====================================
2025-11-01 12:55:46 +05:30: Daily ROI distribution completed successfully at 2025-11-01T07:25:46.783Z
